src/scripts/seedAnalytics.ts(13,64): error TS2307: Cannot find module '../models/AnalyticsEvent' or its corresponding type declarations.
src/services/AnalyticsAggregationService.ts(1,64): error TS2307: Cannot find module '../models/AnalyticsEvent' or its corresponding type declarations.
src/services/AnalyticsAggregationService.ts(240,49): error TS7006: Parameter 'v' implicitly has an 'any' type.
src/services/AnalyticsAggregationService.ts(241,49): error TS7006: Parameter 'c' implicitly has an 'any' type.
src/services/AnalyticsAggregationService.ts(244,15): error TS2322: Type '{ timestamp: unknown; visits: {}; clicks: {}; }[]' is not assignable to type 'TimeSeriesPoint[]'.
  Type '{ timestamp: unknown; visits: {}; clicks: {}; }' is not assignable to type 'TimeSeriesPoint'.
    Types of property 'timestamp' are incompatible.
      Type 'unknown' is not assignable to type 'string'.
src/services/AnalyticsAggregationService.ts(302,49): error TS7006: Parameter 'c' implicitly has an 'any' type.
src/services/AnalyticsAggregationService.ts(307,38): error TS2339: Property 'clicks' does not exist on type '{}'.
src/services/AnalyticsAggregationService.ts(311,71): error TS2339: Property 'latest' does not exist on type '{}'.
src/services/AnalyticsAggregationService.ts(384,49): error TS7006: Parameter 'sum' implicitly has an 'any' type.
src/services/AnalyticsAggregationService.ts(384,54): error TS7006: Parameter 'd' implicitly has an 'any' type.
src/services/AnalyticsAggregationService.ts(385,53): error TS7006: Parameter 'sum' implicitly has an 'any' type.
src/services/AnalyticsAggregationService.ts(385,58): error TS7006: Parameter 'l' implicitly has an 'any' type.
src/services/AnalyticsAggregationService.ts(388,37): error TS7006: Parameter 'd' implicitly has an 'any' type.
src/services/AnalyticsAggregationService.ts(393,41): error TS7006: Parameter 'l' implicitly has an 'any' type.
src/services/AnalyticsAggregationService.ts(441,34): error TS7006: Parameter 'h' implicitly has an 'any' type.
src/services/AnalyticsAggregationService.ts(555,49): error TS7006: Parameter 'c' implicitly has an 'any' type.
src/services/AnalyticsAggregationService.ts(561,42): error TS2339: Property 'clicks' does not exist on type '{}'.
src/services/AnalyticsAggregationService.ts(568,75): error TS2339: Property 'latest' does not exist on type '{}'.
src/services/AnalyticsEventService.ts(1,93): error TS2307: Cannot find module '../models/AnalyticsEvent' or its corresponding type declarations.
src/services/EnhancedAnalyticsService.ts(1,76): error TS2307: Cannot find module '../models/AnalyticsEvent' or its corresponding type declarations.
src/services/EnhancedAnalyticsService.ts(298,49): error TS7006: Parameter 'v' implicitly has an 'any' type.
src/services/EnhancedAnalyticsService.ts(299,49): error TS7006: Parameter 'c' implicitly has an 'any' type.
src/services/EnhancedAnalyticsService.ts(302,15): error TS2322: Type '{ period: unknown; visits: {}; clicks: {}; ctr: number; }[]' is not assignable to type 'TrendDataPoint[]'.
  Type '{ period: unknown; visits: {}; clicks: {}; ctr: number; }' is not assignable to type 'TrendDataPoint'.
    Types of property 'period' are incompatible.
      Type 'unknown' is not assignable to type 'string'.
src/services/EnhancedAnalyticsService.ts(309,22): error TS2365: Operator '>' cannot be applied to types '{}' and 'number'.
src/services/EnhancedAnalyticsService.ts(309,47): error TS2362: The left-hand side of an arithmetic operation must be of type 'any', 'number', 'bigint' or an enum type.
src/services/EnhancedAnalyticsService.ts(309,56): error TS2363: The right-hand side of an arithmetic operation must be of type 'any', 'number', 'bigint' or an enum type.
src/services/EnhancedAnalyticsService.ts(333,24): error TS7006: Parameter 'c' implicitly has an 'any' type.
src/services/EnhancedAnalyticsService.ts(373,47): error TS7006: Parameter 'sum' implicitly has an 'any' type.
src/services/EnhancedAnalyticsService.ts(373,52): error TS7006: Parameter 'c' implicitly has an 'any' type.
src/services/EnhancedAnalyticsService.ts(376,38): error TS7006: Parameter 'c' implicitly has an 'any' type.
src/services/EnhancedAnalyticsService.ts(413,26): error TS7006: Parameter 'r' implicitly has an 'any' type.
src/services/EnhancedAnalyticsService.ts(512,50): error TS7006: Parameter 'sum' implicitly has an 'any' type.
src/services/EnhancedAnalyticsService.ts(512,55): error TS7006: Parameter 'p' implicitly has an 'any' type.
src/services/EnhancedAnalyticsService.ts(515,44): error TS7006: Parameter 'p' implicitly has an 'any' type.
src/services/EnhancedAnalyticsService.ts(526,41): error TS7006: Parameter 'p' implicitly has an 'any' type.
src/services/EnhancedAnalyticsService.ts(527,41): error TS7006: Parameter 'p' implicitly has an 'any' type.
src/services/EnhancedAnalyticsService.ts(552,47): error TS7006: Parameter 's' implicitly has an 'any' type.
src/services/EnhancedAnalyticsService.ts(552,50): error TS7006: Parameter 'd' implicitly has an 'any' type.
src/services/EnhancedAnalyticsService.ts(575,47): error TS7006: Parameter 'h' implicitly has an 'any' type.
